C1 2.2u SMD-1005 
C2 2.2u SMD-1005 
C3 100n SMD-1005 
C4 100n SMD-1005 
C5 100n SMD-1005 
C6 100n SMD-1005 
D1 DIODE 0805D 
D2 DIODE 0805D 
D3 DIODE 0805D 
D4 DIODE 0805D 
D5 DIODE 0805D 
D6 DIODE 0805D 
D7 DIODE 0805D 
D8 DIODE 0805D 
D9 DIODE 0805D 
D10 DIODE 0805D 
D11 DIODE 0805D 
D12 DIODE 0805D 
D13 DIODE 0805D 
D14 DIODE 0805D 
D15 DIODE 0805D 
D16 DIODE 0805D 
D17 DIODE 0805D 
D18 DIODE 0805D 
D19 DIODE 0805D 
D20 DIODE 0805D 
D21 DIODE 0805D 
D22 DIODE 0805D 
D23 DIODE 0805D 
D24 DIODE 0805D 
D25 DIODE 0805D 
D26 DIODE 0805D 
D27 DIODE 0805D 
D28 DIODE 0805D 
D29 DIODE 0805D 
D30 DIODE 0805D 
D31 DIODE 0805D 
D32 DIODE 0805D 
D33 DIODE 0805D 
D34 DIODE 0805D 
D35 DIODE 0805D 
D36 DIODE 0805D 
D37 DIODE 0805D 
D38 DIODE 0805D 
D39 DIODE 0805D 
D40 DIODE 0805D 
D41 DIODE 0805D 
D42 DIODE 0805D 
D43 DIODE 0805D 
D44 DIODE 0805D 
D45 DIODE 0805D 
D46 DIODE 0805D 
D47 DIODE 0805D 
D48 DIODE 0805D 
D49 DIODE 0805D 
D50 DIODE 0805D 
D51 DIODE 0805D 
D52 DIODE 0805D 
D53 DIODE 0805D 
D54 DIODE 0805D 
D55 DIODE 0805D 
D56 DIODE 0805D 
D57 DIODE 0805D 
D58 DIODE 0805D 
D59 DIODE 0805D 
D60 DIODE 0805D 
D61 DIODE 0805D 
D62 DIODE 0805D 
D63 LED LED-0603 
J1 MINI_USB U24-05XXX-1 
P1 DEBUG SparkFun-1X04_LOCK
R1 33 SMD-1005 
R2 33 SMD-1005 
R3 1k SMD-1005 
S1 SW MXALPS 
S2 SW MXALPS 
S3 SW MXALPS 
S4 SW MXALPS 
S5 SW MXALPS 
S6 SW MXALPS 
S7 SW MXALPS 
S8 SW MXALPS 
S9 SW MXALPS 
S10 SW MXALPS 
S11 SW MXALPS 
S12 SW MXALPS 
S13 SW MXALPS 
S14 SW MXALPS 
S15 SW MXALPS 
S16 SW MXALPS 
S17 SW MXALPS 
S18 SW MXALPS 
S19 SW MXALPS 
S20 SW MXALPS 
S21 SW MXALPS 
S22 SW MXALPS 
S23 SW MXALPS 
S24 SW MXALPS 
S25 SW MXALPS 
S26 SW MXALPS 
S27 SW MXALPS 
S28 SW MXALPS 
S29 SW MXALPS 
S30 SW MXALPS 
S31 SW MXALPS 
S32 SW MXALPS 
S33 SW MXALPS 
S34 SW MXALPS 
S35 SW MXALPS 
S36 SW MXALPS 
S37 SW MXALPS 
S38 SW MXALPS 
S39 SW MXALPS 
S40 SW MXALPS 
S41 SW MXALPS 
S42 SW MXALPS 
S43 SW MXALPS 
S44 SW MXALPS 
S45 SW MXALPS 
S46 SW MXALPS 
S47 SW MXALPS 
S48 SW MXALPS 
S49 SW MXALPS 
S50 SW MXALPS 
S51 SW MXALPS 
S52 SW MXALPS 
S53 SW MXALPS 
S54 SW MXALPS 
S55 SW MXALPS 
S56 SW MXALPS 
S57 SW MXALPS 
S58 SW MXALPS 
S59 SW MXALPS 
S60 SW MXALPS 
S61 SW MXALPS 
S62 SW MXALPS 
S63 TAC_SWITCHSMD_EVQP2 TACT_4x3 
U1 MK20LF LQFP48 